<?xml version="1.0" encoding="UTF-8"?>
<!-- Generated by org.testng.reporters.JUnitReportReporter -->
<testsuite hostname="DESKTOP-MOUJJKK" name="scripts.TestProductEdition" tests="1" failures="0" timestamp="13 Sep 2019 11:10:22 GMT" time="11.841" errors="0">
  <testcase name="testProductEdition" time="11.841" classname="scripts.TestProductEdition"/>
</testsuite> <!-- scripts.TestProductEdition -->
