<?xml version="1.0" encoding="UTF-8"?>
<!-- Generated by org.testng.reporters.JUnitReportReporter -->
<testsuite hostname="DESKTOP-MOUJJKK" name="scripts.TestIssueDate" tests="1" failures="0" timestamp="13 Sep 2019 11:10:22 GMT" time="16.752" errors="0">
  <testcase name="testIssueDate" time="16.752" classname="scripts.TestIssueDate"/>
</testsuite> <!-- scripts.TestIssueDate -->
